<?xml version="1.0" encoding="UTF-8"?>
<!-- Generated by org.testng.reporters.JUnitReportReporter -->
<testsuite hostname="SagarRaj" failures="0" tests="1" name="test_Scripts.AboutUsPageTest" time="1.532" errors="0" timestamp="2022-10-12T10:25:52 IST" skipped="0">
  <testcase classname="test_Scripts.AboutUsPageTest" name="aboutUsPage" time="1.532"/>
  <system-out/>
</testsuite> <!-- test_Scripts.AboutUsPageTest -->
