<?xml version="1.0" encoding="UTF-8"?>
<!-- Generated by org.testng.reporters.JUnitReportReporter -->
<testsuite hostname="SagarRaj" failures="0" tests="1" name="test_Scripts.AddToCartTest" time="8.647" errors="0" timestamp="2022-10-12T10:25:52 IST" skipped="0">
  <testcase classname="test_Scripts.AddToCartTest" name="adddToCart" time="8.647"/>
  <system-out/>
</testsuite> <!-- test_Scripts.AddToCartTest -->
